{
  "stats": {
    "suites": 9,
    "tests": 48,
    "passes": 46,
    "pending": 0,
    "failures": 2,
    "start": "2019-07-24T14:59:29.051Z",
    "end": "2019-07-24T14:59:45.271Z",
    "duration": 16220,
    "testsRegistered": 48,
    "passPercent": 95.83333333333334,
    "pendingPercent": 0,
    "other": 0,
    "hasOther": false,
    "skipped": 0,
    "hasSkipped": false
  },
  "results": [
    {
      "uuid": "e4870f76-d38c-400c-a828-ca271e9a9350",
      "title": "",
      "fullFile": "",
      "file": "",
      "beforeHooks": [],
      "afterHooks": [],
      "tests": [],
      "suites": [
        {
          "uuid": "b9dc3735-8edb-495e-b2c9-faa950ae252d",
          "title": "列表基本功能测试",
          "fullFile": "D:\\html\\git\\Data_Structure\\tests\\util\\list.spec.js",
          "file": "\\tests\\util\\list.spec.js",
          "beforeHooks": [],
          "afterHooks": [],
          "tests": [
            {
              "title": "append 函数测试",
              "fullTitle": "列表基本功能测试 append 函数测试",
              "timedOut": false,
              "duration": 1,
              "state": "passed",
              "speed": "fast",
              "pass": true,
              "fail": false,
              "pending": false,
              "context": null,
              "code": "cov_vgacdkjwe.f[1]++;const list=(cov_vgacdkjwe.s[6]++,new List());cov_vgacdkjwe.s[7]++;list.append(1);cov_vgacdkjwe.s[8]++;list.append(2);cov_vgacdkjwe.s[9]++;list.append(3);cov_vgacdkjwe.s[10]++;assert.equal(list.currPos,0);cov_vgacdkjwe.s[11]++;assert.equal(list.getElement(),1);cov_vgacdkjwe.s[12]++;list.next();cov_vgacdkjwe.s[13]++;assert.equal(list.currPos,1);cov_vgacdkjwe.s[14]++;assert.equal(list.getElement(),2);cov_vgacdkjwe.s[15]++;list.next();cov_vgacdkjwe.s[16]++;assert.equal(list.currPos,2);cov_vgacdkjwe.s[17]++;assert.equal(list.getElement(),3);cov_vgacdkjwe.s[18]++;assert.equal(list.find(2),1);cov_vgacdkjwe.s[19]++;assert.equal(list.length,3);cov_vgacdkjwe.s[20]++;assert.equal(list.toString(),'1,2,3');cov_vgacdkjwe.s[21]++;done();",
              "err": {},
              "uuid": "89c074a7-1b75-46fa-bd4c-66b223cf01be",
              "parentUUID": "b9dc3735-8edb-495e-b2c9-faa950ae252d",
              "isHook": false,
              "skipped": false
            },
            {
              "title": "remove 函数测试",
              "fullTitle": "列表基本功能测试 remove 函数测试",
              "timedOut": false,
              "duration": 0,
              "state": "passed",
              "speed": "fast",
              "pass": true,
              "fail": false,
              "pending": false,
              "context": null,
              "code": "cov_vgacdkjwe.f[2]++;const list=(cov_vgacdkjwe.s[23]++,new List());cov_vgacdkjwe.s[24]++;list.append(1);cov_vgacdkjwe.s[25]++;list.append(2);cov_vgacdkjwe.s[26]++;list.append(3);cov_vgacdkjwe.s[27]++;list.remove(2);cov_vgacdkjwe.s[28]++;assert.equal(list.getElement(),1);cov_vgacdkjwe.s[29]++;list.next();cov_vgacdkjwe.s[30]++;assert.equal(list.getElement(),3);cov_vgacdkjwe.s[31]++;assert.equal(list.find(2),-1);cov_vgacdkjwe.s[32]++;assert.equal(list.length,2);cov_vgacdkjwe.s[33]++;assert.equal(list.toString(),'1,3');cov_vgacdkjwe.s[34]++;assert.equal(list.remove(4),false);cov_vgacdkjwe.s[35]++;assert.equal(list.toString(),'1,3');cov_vgacdkjwe.s[36]++;done();",
              "err": {},
              "uuid": "5a7852df-b003-4bbc-8e41-9c33c777c3f8",
              "parentUUID": "b9dc3735-8edb-495e-b2c9-faa950ae252d",
              "isHook": false,
              "skipped": false
            },
            {
              "title": "clear 函数测试",
              "fullTitle": "列表基本功能测试 clear 函数测试",
              "timedOut": false,
              "duration": 0,
              "state": "passed",
              "speed": "fast",
              "pass": true,
              "fail": false,
              "pending": false,
              "context": null,
              "code": "cov_vgacdkjwe.f[3]++;const list=(cov_vgacdkjwe.s[38]++,new List());cov_vgacdkjwe.s[39]++;list.append(1);cov_vgacdkjwe.s[40]++;list.append(2);cov_vgacdkjwe.s[41]++;list.append(3);cov_vgacdkjwe.s[42]++;list.clear();cov_vgacdkjwe.s[43]++;assert.equal(list.length,0);cov_vgacdkjwe.s[44]++;assert.equal(list.toString(),'');cov_vgacdkjwe.s[45]++;done();",
              "err": {},
              "uuid": "7a9bc157-dd7c-48a2-a9b2-a0069c8999cd",
              "parentUUID": "b9dc3735-8edb-495e-b2c9-faa950ae252d",
              "isHook": false,
              "skipped": false
            },
            {
              "title": "insert 函数测试",
              "fullTitle": "列表基本功能测试 insert 函数测试",
              "timedOut": false,
              "duration": 0,
              "state": "passed",
              "speed": "fast",
              "pass": true,
              "fail": false,
              "pending": false,
              "context": null,
              "code": "cov_vgacdkjwe.f[4]++;const list=(cov_vgacdkjwe.s[47]++,new List());cov_vgacdkjwe.s[48]++;list.append(1);cov_vgacdkjwe.s[49]++;list.append(2);cov_vgacdkjwe.s[50]++;list.append(3);cov_vgacdkjwe.s[51]++;list.insert(2,4);cov_vgacdkjwe.s[52]++;list.insert(4,5);cov_vgacdkjwe.s[53]++;list.insert(6,7);cov_vgacdkjwe.s[54]++;assert.equal(list.length,5);cov_vgacdkjwe.s[55]++;assert.equal(list.toString(),'1,2,4,5,3');cov_vgacdkjwe.s[56]++;done();",
              "err": {},
              "uuid": "28c90038-1d11-4ba5-9a0f-a261c14b1a9c",
              "parentUUID": "b9dc3735-8edb-495e-b2c9-faa950ae252d",
              "isHook": false,
              "skipped": false
            },
            {
              "title": "prev next 函数测试",
              "fullTitle": "列表基本功能测试 prev next 函数测试",
              "timedOut": false,
              "duration": 0,
              "state": "passed",
              "speed": "fast",
              "pass": true,
              "fail": false,
              "pending": false,
              "context": null,
              "code": "cov_vgacdkjwe.f[5]++;const list=(cov_vgacdkjwe.s[58]++,new List());cov_vgacdkjwe.s[59]++;list.append(1);cov_vgacdkjwe.s[60]++;list.append(2);cov_vgacdkjwe.s[61]++;list.append(3);cov_vgacdkjwe.s[62]++;list.append(4);cov_vgacdkjwe.s[63]++;list.next();cov_vgacdkjwe.s[64]++;assert.equal(list.getElement(),2);cov_vgacdkjwe.s[65]++;list.next();cov_vgacdkjwe.s[66]++;assert.equal(list.getElement(),3);cov_vgacdkjwe.s[67]++;list.front();cov_vgacdkjwe.s[68]++;assert.equal(list.getElement(),1);cov_vgacdkjwe.s[69]++;list.end();cov_vgacdkjwe.s[70]++;assert.equal(list.getElement(),4);cov_vgacdkjwe.s[71]++;list.prev();cov_vgacdkjwe.s[72]++;assert.equal(list.getElement(),3);cov_vgacdkjwe.s[73]++;done();",
              "err": {},
              "uuid": "766c56b7-b350-4a9c-994b-00d638249454",
              "parentUUID": "b9dc3735-8edb-495e-b2c9-faa950ae252d",
              "isHook": false,
              "skipped": false
            },
            {
              "title": "moveTo 函数测试",
              "fullTitle": "列表基本功能测试 moveTo 函数测试",
              "timedOut": false,
              "duration": 0,
              "state": "passed",
              "speed": "fast",
              "pass": true,
              "fail": false,
              "pending": false,
              "context": null,
              "code": "cov_vgacdkjwe.f[6]++;const list=(cov_vgacdkjwe.s[75]++,new List());cov_vgacdkjwe.s[76]++;list.append(1);cov_vgacdkjwe.s[77]++;list.append(2);cov_vgacdkjwe.s[78]++;list.append(3);cov_vgacdkjwe.s[79]++;list.append(4);cov_vgacdkjwe.s[80]++;list.next();cov_vgacdkjwe.s[81]++;assert.equal(list.getElement(),2);cov_vgacdkjwe.s[82]++;list.moveTo(4);cov_vgacdkjwe.s[83]++;assert.equal(list.getElement(),4);cov_vgacdkjwe.s[84]++;list.moveTo(1);cov_vgacdkjwe.s[85]++;assert.equal(list.getElement(),2);cov_vgacdkjwe.s[86]++;done();",
              "err": {},
              "uuid": "508f87d7-3866-4325-be37-105552ddb6c3",
              "parentUUID": "b9dc3735-8edb-495e-b2c9-faa950ae252d",
              "isHook": false,
              "skipped": false
            },
            {
              "title": "contains 函数测试",
              "fullTitle": "列表基本功能测试 contains 函数测试",
              "timedOut": false,
              "duration": 0,
              "state": "passed",
              "speed": "fast",
              "pass": true,
              "fail": false,
              "pending": false,
              "context": null,
              "code": "cov_vgacdkjwe.f[7]++;const list=(cov_vgacdkjwe.s[88]++,new List());cov_vgacdkjwe.s[89]++;list.append(1);cov_vgacdkjwe.s[90]++;list.append(2);cov_vgacdkjwe.s[91]++;list.append(3);cov_vgacdkjwe.s[92]++;list.append(4);cov_vgacdkjwe.s[93]++;assert.equal(list.contains(2),true);cov_vgacdkjwe.s[94]++;assert.equal(list.contains(4),true);cov_vgacdkjwe.s[95]++;assert.equal(list.contains(6),false);cov_vgacdkjwe.s[96]++;done();",
              "err": {},
              "uuid": "1b7443a9-2ee1-4d60-bd30-5035f963c27c",
              "parentUUID": "b9dc3735-8edb-495e-b2c9-faa950ae252d",
              "isHook": false,
              "skipped": false
            }
          ],
          "suites": [],
          "passes": [
            "89c074a7-1b75-46fa-bd4c-66b223cf01be",
            "5a7852df-b003-4bbc-8e41-9c33c777c3f8",
            "7a9bc157-dd7c-48a2-a9b2-a0069c8999cd",
            "28c90038-1d11-4ba5-9a0f-a261c14b1a9c",
            "766c56b7-b350-4a9c-994b-00d638249454",
            "508f87d7-3866-4325-be37-105552ddb6c3",
            "1b7443a9-2ee1-4d60-bd30-5035f963c27c"
          ],
          "failures": [],
          "pending": [],
          "skipped": [],
          "duration": 1,
          "root": false,
          "rootEmpty": false,
          "_timeout": 2000
        },
        {
          "uuid": "52e65938-0398-4a08-a9db-43bf42e24404",
          "title": "栈基本功能测试",
          "fullFile": "D:\\html\\git\\Data_Structure\\tests\\util\\stack.spec.js",
          "file": "\\tests\\util\\stack.spec.js",
          "beforeHooks": [],
          "afterHooks": [],
          "tests": [
            {
              "title": "基本功能测试",
              "fullTitle": "栈基本功能测试 基本功能测试",
              "timedOut": false,
              "duration": 1,
              "state": "passed",
              "speed": "fast",
              "pass": true,
              "fail": false,
              "pending": false,
              "context": null,
              "code": "cov_1bwhclxllr.f[1]++;const stack=(cov_1bwhclxllr.s[6]++,new Stack());cov_1bwhclxllr.s[7]++;stack.push(1);cov_1bwhclxllr.s[8]++;assert.equal(stack.top,1);cov_1bwhclxllr.s[9]++;stack.push(2);cov_1bwhclxllr.s[10]++;assert.equal(stack.top,2);cov_1bwhclxllr.s[11]++;stack.push(3);cov_1bwhclxllr.s[12]++;assert.equal(stack.top,3);cov_1bwhclxllr.s[13]++;stack.push(4);cov_1bwhclxllr.s[14]++;assert.equal(stack.top,4);cov_1bwhclxllr.s[15]++;assert.equal(stack.peek(),4);cov_1bwhclxllr.s[16]++;stack.pop();cov_1bwhclxllr.s[17]++;assert.equal(stack.top,3);cov_1bwhclxllr.s[18]++;assert.equal(stack.peek(),3);cov_1bwhclxllr.s[19]++;stack.pop();cov_1bwhclxllr.s[20]++;assert.equal(stack.top,2);cov_1bwhclxllr.s[21]++;assert.equal(stack.peek(),2);cov_1bwhclxllr.s[22]++;stack.clear();cov_1bwhclxllr.s[23]++;stack.push(3);cov_1bwhclxllr.s[24]++;assert.equal(stack.top,1);cov_1bwhclxllr.s[25]++;assert.equal(stack.peek(),3);cov_1bwhclxllr.s[26]++;done();",
              "err": {},
              "uuid": "0239e4b2-8987-4014-9db5-44a04b43b7ae",
              "parentUUID": "52e65938-0398-4a08-a9db-43bf42e24404",
              "isHook": false,
              "skipped": false
            }
          ],
          "suites": [],
          "passes": [
            "0239e4b2-8987-4014-9db5-44a04b43b7ae"
          ],
          "failures": [],
          "pending": [],
          "skipped": [],
          "duration": 1,
          "root": false,
          "rootEmpty": false,
          "_timeout": 2000
        },
        {
          "uuid": "106f2541-3bf9-4700-87c2-6f85a1c8db13",
          "title": "队列基本功能测试",
          "fullFile": "D:\\html\\git\\Data_Structure\\tests\\util\\queue.spec.js",
          "file": "\\tests\\util\\queue.spec.js",
          "beforeHooks": [],
          "afterHooks": [],
          "tests": [
            {
              "title": "基本功能测试",
              "fullTitle": "队列基本功能测试 基本功能测试",
              "timedOut": false,
              "duration": 0,
              "state": "passed",
              "speed": "fast",
              "pass": true,
              "fail": false,
              "pending": false,
              "context": null,
              "code": "cov_2i15fa5f2j.f[1]++;const queue=(cov_2i15fa5f2j.s[6]++,new Queue());cov_2i15fa5f2j.s[7]++;assert.equal(queue.empty(),true);cov_2i15fa5f2j.s[8]++;queue.enqueue(1);cov_2i15fa5f2j.s[9]++;queue.enqueue(2);cov_2i15fa5f2j.s[10]++;queue.enqueue(3);cov_2i15fa5f2j.s[11]++;assert.equal(queue.toString(),`1\n2\n3`);cov_2i15fa5f2j.s[12]++;queue.dequeue();cov_2i15fa5f2j.s[13]++;assert.equal(queue.toString(),`2\n3`);cov_2i15fa5f2j.s[14]++;assert.equal(queue.length,2);cov_2i15fa5f2j.s[15]++;queue.enqueue(5);cov_2i15fa5f2j.s[16]++;assert.equal(queue.front(),2);cov_2i15fa5f2j.s[17]++;assert.equal(queue.toString(),`2\n3\n5`);cov_2i15fa5f2j.s[18]++;assert.equal(queue.back(),5);cov_2i15fa5f2j.s[19]++;assert.equal(queue.empty(),false);cov_2i15fa5f2j.s[20]++;done();",
              "err": {},
              "uuid": "48e44842-a1f1-43a6-b1bd-842a2bf75e2b",
              "parentUUID": "106f2541-3bf9-4700-87c2-6f85a1c8db13",
              "isHook": false,
              "skipped": false
            }
          ],
          "suites": [],
          "passes": [
            "48e44842-a1f1-43a6-b1bd-842a2bf75e2b"
          ],
          "failures": [],
          "pending": [],
          "skipped": [],
          "duration": 0,
          "root": false,
          "rootEmpty": false,
          "_timeout": 2000
        },
        {
          "uuid": "d6a794cf-cf9e-42e4-81b7-134d7e6587f5",
          "title": "链表基本功能测试",
          "fullFile": "D:\\html\\git\\Data_Structure\\tests\\util\\listNode.spec.js",
          "file": "\\tests\\util\\listNode.spec.js",
          "beforeHooks": [],
          "afterHooks": [],
          "tests": [
            {
              "title": "基本功能测试",
              "fullTitle": "链表基本功能测试 基本功能测试",
              "timedOut": false,
              "duration": 0,
              "state": "passed",
              "speed": "fast",
              "pass": true,
              "fail": false,
              "pending": false,
              "context": null,
              "code": "cov_4u7xhqr68.f[1]++;const listNode=(cov_4u7xhqr68.s[6]++,new ListNode(1));let node2=(cov_4u7xhqr68.s[7]++,listNode.insert(2,1));let node3=(cov_4u7xhqr68.s[8]++,listNode.insert(3,2));let node4=(cov_4u7xhqr68.s[9]++,listNode.insert(4,3));cov_4u7xhqr68.s[10]++;assert.equal(listNode.display(),'1 => 2 => 3 => 4');cov_4u7xhqr68.s[11]++;assert.equal(listNode.find(3),node3);cov_4u7xhqr68.s[12]++;assert.equal(listNode.find(5),false);cov_4u7xhqr68.s[13]++;assert.equal(listNode.findPrevious(2),listNode.head);cov_4u7xhqr68.s[14]++;assert.equal(listNode.findPrevious(5),false);let node2_5=(cov_4u7xhqr68.s[15]++,listNode.insert(2.5,2));let node6=(cov_4u7xhqr68.s[16]++,listNode.insert(6,5));cov_4u7xhqr68.s[17]++;assert.equal(listNode.display(),'1 => 2 => 2.5 => 3 => 4');cov_4u7xhqr68.s[18]++;listNode.remove(3);cov_4u7xhqr68.s[19]++;assert.equal(listNode.display(),'1 => 2 => 2.5 => 4');cov_4u7xhqr68.s[20]++;done();",
              "err": {},
              "uuid": "fa51b051-3d80-40df-ba82-6a105d593fd4",
              "parentUUID": "d6a794cf-cf9e-42e4-81b7-134d7e6587f5",
              "isHook": false,
              "skipped": false
            }
          ],
          "suites": [],
          "passes": [
            "fa51b051-3d80-40df-ba82-6a105d593fd4"
          ],
          "failures": [],
          "pending": [],
          "skipped": [],
          "duration": 0,
          "root": false,
          "rootEmpty": false,
          "_timeout": 2000
        },
        {
          "uuid": "6694c8ab-9997-44e0-9c9f-613af13971a2",
          "title": "双向链表基本功能测试",
          "fullFile": "D:\\html\\git\\Data_Structure\\tests\\util\\doubleListNode.spec.js",
          "file": "\\tests\\util\\doubleListNode.spec.js",
          "beforeHooks": [],
          "afterHooks": [],
          "tests": [
            {
              "title": "基本功能测试",
              "fullTitle": "双向链表基本功能测试 基本功能测试",
              "timedOut": false,
              "duration": 0,
              "state": "passed",
              "speed": "fast",
              "pass": true,
              "fail": false,
              "pending": false,
              "context": null,
              "code": "cov_130osaimfi.f[1]++;const listNode=(cov_130osaimfi.s[6]++,new ListNode(1));let node2=(cov_130osaimfi.s[7]++,listNode.insert(2,1));let node3=(cov_130osaimfi.s[8]++,listNode.insert(3,2));let node4=(cov_130osaimfi.s[9]++,listNode.insert(4,3));let node6=(cov_130osaimfi.s[10]++,listNode.insert(6,5));cov_130osaimfi.s[11]++;assert.equal(listNode.display(),'1 <=> 2 <=> 3 <=> 4');cov_130osaimfi.s[12]++;assert.equal(listNode.find(3),node3);cov_130osaimfi.s[13]++;assert.equal(listNode.find(5),false);cov_130osaimfi.s[14]++;assert.equal(listNode.findPrevious(2),listNode.head);cov_130osaimfi.s[15]++;assert.equal(listNode.findPrevious(5),false);let node2_5=(cov_130osaimfi.s[16]++,listNode.insert(2.5,2));cov_130osaimfi.s[17]++;assert.equal(listNode.display(),'1 <=> 2 <=> 2.5 <=> 3 <=> 4');cov_130osaimfi.s[18]++;listNode.remove(3);cov_130osaimfi.s[19]++;assert.equal(listNode.display(),'1 <=> 2 <=> 2.5 <=> 4');cov_130osaimfi.s[20]++;assert.equal(listNode.findNext(2),node2_5);cov_130osaimfi.s[21]++;assert.equal(listNode.findNext(4),null);cov_130osaimfi.s[22]++;assert.equal(listNode.findNext(5),false);cov_130osaimfi.s[23]++;done();",
              "err": {},
              "uuid": "b88c8337-eca5-454d-a7c8-4469f4bd4878",
              "parentUUID": "6694c8ab-9997-44e0-9c9f-613af13971a2",
              "isHook": false,
              "skipped": false
            }
          ],
          "suites": [],
          "passes": [
            "b88c8337-eca5-454d-a7c8-4469f4bd4878"
          ],
          "failures": [],
          "pending": [],
          "skipped": [],
          "duration": 0,
          "root": false,
          "rootEmpty": false,
          "_timeout": 2000
        },
        {
          "uuid": "f7d7c271-9144-476d-8e4a-5c89b191703c",
          "title": "集合基本功能测试",
          "fullFile": "D:\\html\\git\\Data_Structure\\tests\\util\\set.spec.js",
          "file": "\\tests\\util\\set.spec.js",
          "beforeHooks": [],
          "afterHooks": [],
          "tests": [
            {
              "title": "基本功能测试",
              "fullTitle": "集合基本功能测试 基本功能测试",
              "timedOut": false,
              "duration": 0,
              "state": "passed",
              "speed": "fast",
              "pass": true,
              "fail": false,
              "pending": false,
              "context": null,
              "code": "cov_1fh4ftei8k.f[1]++;const set1=(cov_1fh4ftei8k.s[6]++,new Gather([1,2,3,4,4]));const set2=(cov_1fh4ftei8k.s[7]++,new Gather([2,4,6,7]));cov_1fh4ftei8k.s[8]++;assert.equal(set1.display(),'1,2,3,4');let intersect=(cov_1fh4ftei8k.s[9]++,Gather.intersect(set1,set2));cov_1fh4ftei8k.s[10]++;assert.equal(intersect.display(),'2,4');let union=(cov_1fh4ftei8k.s[11]++,Gather.union(set1,set2));cov_1fh4ftei8k.s[12]++;assert.equal(union.display(),'1,2,3,4,6,7');let complementary=(cov_1fh4ftei8k.s[13]++,Gather.complementary(set1,new Gather([1,2,3,4,5,6])));cov_1fh4ftei8k.s[14]++;assert.equal(complementary.display(),'5,6');let difference=(cov_1fh4ftei8k.s[15]++,Gather.difference(set1,set2));cov_1fh4ftei8k.s[16]++;assert.equal(difference.display(),'1,3,6,7');cov_1fh4ftei8k.s[17]++;done();",
              "err": {},
              "uuid": "bb87ba01-5897-463d-9957-3522d073879b",
              "parentUUID": "f7d7c271-9144-476d-8e4a-5c89b191703c",
              "isHook": false,
              "skipped": false
            }
          ],
          "suites": [],
          "passes": [
            "bb87ba01-5897-463d-9957-3522d073879b"
          ],
          "failures": [],
          "pending": [],
          "skipped": [],
          "duration": 0,
          "root": false,
          "rootEmpty": false,
          "_timeout": 2000
        },
        {
          "uuid": "89b25ebf-89c7-4a3f-88ab-37abf2d3c8ca",
          "title": "二叉树基本功能测试",
          "fullFile": "D:\\html\\git\\Data_Structure\\tests\\util\\BST.spec.js",
          "file": "\\tests\\util\\BST.spec.js",
          "beforeHooks": [],
          "afterHooks": [],
          "tests": [
            {
              "title": "基本功能测试",
              "fullTitle": "二叉树基本功能测试 基本功能测试",
              "timedOut": false,
              "duration": 1,
              "state": "passed",
              "speed": "fast",
              "pass": true,
              "fail": false,
              "pending": false,
              "context": null,
              "code": "cov_4nr583kn3.f[1]++;const bst=(cov_4nr583kn3.s[6]++,new BST(50));const node_25=(cov_4nr583kn3.s[7]++,bst.insert(25));cov_4nr583kn3.s[8]++;bst.insert(15);cov_4nr583kn3.s[9]++;bst.insert(30);cov_4nr583kn3.s[10]++;bst.insert(30);cov_4nr583kn3.s[11]++;bst.insert(35);cov_4nr583kn3.s[12]++;bst.insert(32);cov_4nr583kn3.s[13]++;bst.insert(34);const node_55=(cov_4nr583kn3.s[14]++,bst.insert(55));cov_4nr583kn3.s[15]++;bst.insert(53);cov_4nr583kn3.s[16]++;bst.insert(54);cov_4nr583kn3.s[17]++;bst.insert(75);cov_4nr583kn3.s[18]++;bst.insert(67);cov_4nr583kn3.s[19]++;bst.insert(70);cov_4nr583kn3.s[20]++;assert.equal(bst.inOrder(),'15,25,30,32,34,35,50,53,54,55,67,70,75');cov_4nr583kn3.s[21]++;assert.equal(bst.find(50),bst.root);cov_4nr583kn3.s[22]++;assert.equal(bst.find(25),node_25);cov_4nr583kn3.s[23]++;assert.equal(bst.find(55),node_55);cov_4nr583kn3.s[24]++;assert.equal(bst.find(72),false);cov_4nr583kn3.s[25]++;assert.equal(bst.getMin().show(),15);cov_4nr583kn3.s[26]++;assert.equal(bst.getMax().show(),75);cov_4nr583kn3.s[27]++;bst.remove(15);cov_4nr583kn3.s[28]++;assert.equal(bst.inOrder(),'25,30,32,34,35,50,53,54,55,67,70,75');cov_4nr583kn3.s[29]++;bst.remove(30);cov_4nr583kn3.s[30]++;assert.equal(bst.inOrder(),'25,32,34,35,50,53,54,55,67,70,75');cov_4nr583kn3.s[31]++;assert.equal(bst.remove(58),false);cov_4nr583kn3.s[32]++;bst.remove(55);cov_4nr583kn3.s[33]++;assert.equal(bst.inOrder(),'25,32,34,35,50,53,54,67,70,75');cov_4nr583kn3.s[34]++;bst.remove(35);cov_4nr583kn3.s[35]++;assert.equal(bst.inOrder(),'25,32,34,50,53,54,67,70,75');cov_4nr583kn3.s[36]++;bst.remove(50);cov_4nr583kn3.s[37]++;assert.equal(bst.inOrder(),'25,32,34,53,54,67,70,75');cov_4nr583kn3.s[38]++;done();",
              "err": {},
              "uuid": "3b59da91-07cc-4571-9cb3-f60d02ce9a95",
              "parentUUID": "89b25ebf-89c7-4a3f-88ab-37abf2d3c8ca",
              "isHook": false,
              "skipped": false
            }
          ],
          "suites": [],
          "passes": [
            "3b59da91-07cc-4571-9cb3-f60d02ce9a95"
          ],
          "failures": [],
          "pending": [],
          "skipped": [],
          "duration": 1,
          "root": false,
          "rootEmpty": false,
          "_timeout": 2000
        },
        {
          "uuid": "6ca193d0-28af-4daa-bc8e-54fdfa17d254",
          "title": "图基本功能测试",
          "fullFile": "D:\\html\\git\\Data_Structure\\tests\\util\\graph.spec.js",
          "file": "\\tests\\util\\graph.spec.js",
          "beforeHooks": [],
          "afterHooks": [],
          "tests": [
            {
              "title": "基本功能测试",
              "fullTitle": "图基本功能测试 基本功能测试",
              "timedOut": false,
              "duration": 1,
              "state": "passed",
              "speed": "fast",
              "pass": true,
              "fail": false,
              "pending": false,
              "context": null,
              "code": "cov_18yqtcbvzn.f[1]++;const graph=(cov_18yqtcbvzn.s[6]++,new Graph(7));cov_18yqtcbvzn.s[7]++;graph.addEdge(0,1);cov_18yqtcbvzn.s[8]++;graph.addEdge(0,2);cov_18yqtcbvzn.s[9]++;graph.addEdge(0,3);cov_18yqtcbvzn.s[10]++;graph.addEdge(1,4);cov_18yqtcbvzn.s[11]++;graph.addEdge(2,5);cov_18yqtcbvzn.s[12]++;graph.addEdge(4,6);let edgs=(cov_18yqtcbvzn.s[13]++,[[1,2,3],[0,4],[0,5],[0],[1,6],[2],[4]]);cov_18yqtcbvzn.s[14]++;console.log(edgs.map((arr,i)=>{cov_18yqtcbvzn.f[2]++;cov_18yqtcbvzn.s[15]++;return`${i} => ${arr.join(',')}`;}).join('\\n'));cov_18yqtcbvzn.s[16]++;assert.equal(graph.showGraph(),edgs.map((arr,i)=>{cov_18yqtcbvzn.f[3]++;cov_18yqtcbvzn.s[17]++;return`${i} => ${arr.join(',')}`;}).join('\\n'));cov_18yqtcbvzn.s[18]++;assert.equal(graph.dfs(0),'0,1,4,6,2,5,3');cov_18yqtcbvzn.s[19]++;assert.equal(graph.bfs(0),'0,1,2,3,4,5,6');cov_18yqtcbvzn.s[20]++;done();",
              "err": {},
              "uuid": "5b2960be-eab0-4c94-a861-d40634d8b52a",
              "parentUUID": "6ca193d0-28af-4daa-bc8e-54fdfa17d254",
              "isHook": false,
              "skipped": false
            }
          ],
          "suites": [],
          "passes": [
            "5b2960be-eab0-4c94-a861-d40634d8b52a"
          ],
          "failures": [],
          "pending": [],
          "skipped": [],
          "duration": 1,
          "root": false,
          "rootEmpty": false,
          "_timeout": 2000
        },
        {
          "uuid": "7fd48e00-b652-43dc-a49f-9c6b4d9e32cf",
          "title": "排序算法测试",
          "fullFile": "D:\\html\\git\\Data_Structure\\tests\\util\\sort.spec.js",
          "file": "\\tests\\util\\sort.spec.js",
          "beforeHooks": [],
          "afterHooks": [],
          "tests": [
            {
              "title": "随机数组基本功能测试",
              "fullTitle": "排序算法测试 随机数组基本功能测试",
              "timedOut": false,
              "duration": 1,
              "state": "passed",
              "speed": "fast",
              "pass": true,
              "fail": false,
              "pending": false,
              "context": null,
              "code": "cov_2kthvjmzox.f[1]++;let arr=(cov_2kthvjmzox.s[6]++,new randomArr(100));cov_2kthvjmzox.s[7]++;assert.equal(arr.length,100);let allNum=(cov_2kthvjmzox.s[8]++,arr.every(item=>{cov_2kthvjmzox.f[2]++;cov_2kthvjmzox.s[9]++;return(cov_2kthvjmzox.b[0][0]++,typeof item==='number')&&(cov_2kthvjmzox.b[0][1]++,0<item)&&(cov_2kthvjmzox.b[0][2]++,item<10000);}));cov_2kthvjmzox.s[10]++;assert.equal(allNum,true);cov_2kthvjmzox.s[11]++;done();",
              "err": {},
              "uuid": "0f7e2030-849a-4715-bcde-b233c5174d62",
              "parentUUID": "7fd48e00-b652-43dc-a49f-9c6b4d9e32cf",
              "isHook": false,
              "skipped": false
            },
            {
              "title": "冒泡排序基本功能测试",
              "fullTitle": "排序算法测试 冒泡排序基本功能测试",
              "timedOut": false,
              "duration": 9,
              "state": "passed",
              "speed": "fast",
              "pass": true,
              "fail": false,
              "pending": false,
              "context": null,
              "code": "cov_2kthvjmzox.f[3]++;let count=(cov_2kthvjmzox.s[13]++,10);cov_2kthvjmzox.s[14]++;while(count--){let arr=(cov_2kthvjmzox.s[15]++,new randomArr(100));let forkArr=(cov_2kthvjmzox.s[16]++,Array.from(arr).sort((a,b)=>{cov_2kthvjmzox.f[4]++;cov_2kthvjmzox.s[17]++;return a-b;}));cov_2kthvjmzox.s[18]++;arr.bubble();cov_2kthvjmzox.s[19]++;assert.equal(arr.toString(),forkArr.toString());}cov_2kthvjmzox.s[20]++;done();",
              "err": {},
              "uuid": "8138dede-42ff-4543-ae1e-b7727217ff30",
              "parentUUID": "7fd48e00-b652-43dc-a49f-9c6b4d9e32cf",
              "isHook": false,
              "skipped": false
            },
            {
              "title": "选择排序基本功能测试",
              "fullTitle": "排序算法测试 选择排序基本功能测试",
              "timedOut": false,
              "duration": 8,
              "state": "passed",
              "speed": "fast",
              "pass": true,
              "fail": false,
              "pending": false,
              "context": null,
              "code": "cov_2kthvjmzox.f[5]++;let count=(cov_2kthvjmzox.s[22]++,10);cov_2kthvjmzox.s[23]++;while(count--){let arr=(cov_2kthvjmzox.s[24]++,new randomArr(100));let forkArr=(cov_2kthvjmzox.s[25]++,Array.from(arr).sort((a,b)=>{cov_2kthvjmzox.f[6]++;cov_2kthvjmzox.s[26]++;return a-b;}));cov_2kthvjmzox.s[27]++;arr.selection();cov_2kthvjmzox.s[28]++;assert.equal(arr.toString(),forkArr.toString());}cov_2kthvjmzox.s[29]++;done();",
              "err": {},
              "uuid": "8ca80827-c359-4737-9931-b9d5be777a05",
              "parentUUID": "7fd48e00-b652-43dc-a49f-9c6b4d9e32cf",
              "isHook": false,
              "skipped": false
            },
            {
              "title": "插入排序基本功能测试",
              "fullTitle": "排序算法测试 插入排序基本功能测试",
              "timedOut": false,
              "duration": 8,
              "state": "passed",
              "speed": "fast",
              "pass": true,
              "fail": false,
              "pending": false,
              "context": null,
              "code": "cov_2kthvjmzox.f[7]++;let count=(cov_2kthvjmzox.s[31]++,10);cov_2kthvjmzox.s[32]++;while(count--){let arr=(cov_2kthvjmzox.s[33]++,new randomArr(100));let forkArr=(cov_2kthvjmzox.s[34]++,Array.from(arr).sort((a,b)=>{cov_2kthvjmzox.f[8]++;cov_2kthvjmzox.s[35]++;return a-b;}));cov_2kthvjmzox.s[36]++;arr.insertion();cov_2kthvjmzox.s[37]++;assert.equal(arr.toString(),forkArr.toString());}cov_2kthvjmzox.s[38]++;done();",
              "err": {},
              "uuid": "5518348d-f19e-4462-89a5-21637c2b18fb",
              "parentUUID": "7fd48e00-b652-43dc-a49f-9c6b4d9e32cf",
              "isHook": false,
              "skipped": false
            },
            {
              "title": "希尔排序基本功能测试",
              "fullTitle": "排序算法测试 希尔排序基本功能测试",
              "timedOut": false,
              "duration": 6,
              "state": "passed",
              "speed": "fast",
              "pass": true,
              "fail": false,
              "pending": false,
              "context": null,
              "code": "cov_2kthvjmzox.f[9]++;let count=(cov_2kthvjmzox.s[40]++,10);cov_2kthvjmzox.s[41]++;while(count--){let arr=(cov_2kthvjmzox.s[42]++,new randomArr(100));let forkArr=(cov_2kthvjmzox.s[43]++,Array.from(arr).sort((a,b)=>{cov_2kthvjmzox.f[10]++;cov_2kthvjmzox.s[44]++;return a-b;}));cov_2kthvjmzox.s[45]++;arr.shell();cov_2kthvjmzox.s[46]++;assert.equal(arr.toString(),forkArr.toString());}cov_2kthvjmzox.s[47]++;done();",
              "err": {},
              "uuid": "5ab95c77-ea90-42ba-90f8-76d4739084ae",
              "parentUUID": "7fd48e00-b652-43dc-a49f-9c6b4d9e32cf",
              "isHook": false,
              "skipped": false
            },
            {
              "title": "归并排序基本功能测试",
              "fullTitle": "排序算法测试 归并排序基本功能测试",
              "timedOut": false,
              "duration": 8,
              "state": "passed",
              "speed": "fast",
              "pass": true,
              "fail": false,
              "pending": false,
              "context": null,
              "code": "cov_2kthvjmzox.f[11]++;let count=(cov_2kthvjmzox.s[49]++,10);cov_2kthvjmzox.s[50]++;while(count--){let arr=(cov_2kthvjmzox.s[51]++,new randomArr(100));let forkArr=(cov_2kthvjmzox.s[52]++,Array.from(arr).sort((a,b)=>{cov_2kthvjmzox.f[12]++;cov_2kthvjmzox.s[53]++;return a-b;}));cov_2kthvjmzox.s[54]++;arr.merge();cov_2kthvjmzox.s[55]++;assert.equal(arr.toString(),forkArr.toString());}cov_2kthvjmzox.s[56]++;done();",
              "err": {},
              "uuid": "bcd2980b-d9d8-4537-8082-700f0fa85945",
              "parentUUID": "7fd48e00-b652-43dc-a49f-9c6b4d9e32cf",
              "isHook": false,
              "skipped": false
            },
            {
              "title": "快速排序基本功能测试",
              "fullTitle": "排序算法测试 快速排序基本功能测试",
              "timedOut": false,
              "duration": 4,
              "state": "passed",
              "speed": "fast",
              "pass": true,
              "fail": false,
              "pending": false,
              "context": null,
              "code": "cov_2kthvjmzox.f[13]++;let count=(cov_2kthvjmzox.s[58]++,10);cov_2kthvjmzox.s[59]++;while(count--){let arr=(cov_2kthvjmzox.s[60]++,new randomArr(100));let forkArr=(cov_2kthvjmzox.s[61]++,Array.from(arr).sort((a,b)=>{cov_2kthvjmzox.f[14]++;cov_2kthvjmzox.s[62]++;return a-b;}));cov_2kthvjmzox.s[63]++;arr.quick();cov_2kthvjmzox.s[64]++;assert.equal(arr.toString(),forkArr.toString());}cov_2kthvjmzox.s[65]++;done();",
              "err": {},
              "uuid": "811b9aa7-6934-4a90-a7bb-fee502de297c",
              "parentUUID": "7fd48e00-b652-43dc-a49f-9c6b4d9e32cf",
              "isHook": false,
              "skipped": false
            },
            {
              "title": "堆排序基本功能测试",
              "fullTitle": "排序算法测试 堆排序基本功能测试",
              "timedOut": false,
              "duration": 9,
              "state": "passed",
              "speed": "fast",
              "pass": true,
              "fail": false,
              "pending": false,
              "context": null,
              "code": "cov_2kthvjmzox.f[15]++;let count=(cov_2kthvjmzox.s[67]++,10);cov_2kthvjmzox.s[68]++;while(count--){let arr=(cov_2kthvjmzox.s[69]++,new randomArr(100));let forkArr=(cov_2kthvjmzox.s[70]++,Array.from(arr).sort((a,b)=>{cov_2kthvjmzox.f[16]++;cov_2kthvjmzox.s[71]++;return a-b;}));cov_2kthvjmzox.s[72]++;arr.heap();cov_2kthvjmzox.s[73]++;assert.equal(arr.toString(),forkArr.toString());}cov_2kthvjmzox.s[74]++;done();",
              "err": {},
              "uuid": "b387598f-71b0-436f-8b87-d91bf139c20c",
              "parentUUID": "7fd48e00-b652-43dc-a49f-9c6b4d9e32cf",
              "isHook": false,
              "skipped": false
            },
            {
              "title": "计数排序基本功能测试",
              "fullTitle": "排序算法测试 计数排序基本功能测试",
              "timedOut": false,
              "duration": 19,
              "state": "passed",
              "speed": "fast",
              "pass": true,
              "fail": false,
              "pending": false,
              "context": null,
              "code": "cov_2kthvjmzox.f[17]++;let count=(cov_2kthvjmzox.s[76]++,10);cov_2kthvjmzox.s[77]++;while(count--){let arr=(cov_2kthvjmzox.s[78]++,new randomArr(100));let forkArr=(cov_2kthvjmzox.s[79]++,Array.from(arr).sort((a,b)=>{cov_2kthvjmzox.f[18]++;cov_2kthvjmzox.s[80]++;return a-b;}));cov_2kthvjmzox.s[81]++;arr.counting();cov_2kthvjmzox.s[82]++;assert.equal(arr.toString(),forkArr.toString());}cov_2kthvjmzox.s[83]++;done();",
              "err": {},
              "uuid": "eae8b840-ebe0-4947-9660-10506aee3430",
              "parentUUID": "7fd48e00-b652-43dc-a49f-9c6b4d9e32cf",
              "isHook": false,
              "skipped": false
            },
            {
              "title": "桶排序基本功能测试",
              "fullTitle": "排序算法测试 桶排序基本功能测试",
              "timedOut": false,
              "duration": 5,
              "state": "passed",
              "speed": "fast",
              "pass": true,
              "fail": false,
              "pending": false,
              "context": null,
              "code": "cov_2kthvjmzox.f[19]++;let count=(cov_2kthvjmzox.s[85]++,10);cov_2kthvjmzox.s[86]++;while(count--){let arr=(cov_2kthvjmzox.s[87]++,new randomArr(100));let forkArr=(cov_2kthvjmzox.s[88]++,Array.from(arr).sort((a,b)=>{cov_2kthvjmzox.f[20]++;cov_2kthvjmzox.s[89]++;return a-b;}));cov_2kthvjmzox.s[90]++;arr.bucket();cov_2kthvjmzox.s[91]++;assert.equal(arr.toString(),forkArr.toString());}cov_2kthvjmzox.s[92]++;done();",
              "err": {},
              "uuid": "b7e75646-761b-4e0c-9c4f-53e06d647d0b",
              "parentUUID": "7fd48e00-b652-43dc-a49f-9c6b4d9e32cf",
              "isHook": false,
              "skipped": false
            },
            {
              "title": "基数排序基本功能测试",
              "fullTitle": "排序算法测试 基数排序基本功能测试",
              "timedOut": false,
              "duration": 10,
              "state": "passed",
              "speed": "fast",
              "pass": true,
              "fail": false,
              "pending": false,
              "context": null,
              "code": "cov_2kthvjmzox.f[21]++;let count=(cov_2kthvjmzox.s[94]++,10);cov_2kthvjmzox.s[95]++;while(count--){let arr=(cov_2kthvjmzox.s[96]++,new randomArr(100));let forkArr=(cov_2kthvjmzox.s[97]++,Array.from(arr).sort((a,b)=>{cov_2kthvjmzox.f[22]++;cov_2kthvjmzox.s[98]++;return a-b;}));cov_2kthvjmzox.s[99]++;arr.radix();cov_2kthvjmzox.s[100]++;assert.equal(arr.toString(),forkArr.toString());}cov_2kthvjmzox.s[101]++;done();",
              "err": {},
              "uuid": "1f093bb4-7056-4c7c-9760-bdc7a5f85ef0",
              "parentUUID": "7fd48e00-b652-43dc-a49f-9c6b4d9e32cf",
              "isHook": false,
              "skipped": false
            },
            {
              "title": "原生排序100个基数时间测试",
              "fullTitle": "排序算法测试 原生排序100个基数时间测试",
              "timedOut": false,
              "duration": 301,
              "state": "passed",
              "speed": "slow",
              "pass": true,
              "fail": false,
              "pending": false,
              "context": null,
              "code": "cov_2kthvjmzox.f[23]++;let count=(cov_2kthvjmzox.s[103]++,10000);cov_2kthvjmzox.s[104]++;while(count--){cov_2kthvjmzox.s[105]++;new randomArr(100).sort((a,b)=>{cov_2kthvjmzox.f[24]++;cov_2kthvjmzox.s[106]++;return a-b;});}cov_2kthvjmzox.s[107]++;done();",
              "err": {},
              "uuid": "f5035e8a-d57e-46a0-a8f2-f5e650071c19",
              "parentUUID": "7fd48e00-b652-43dc-a49f-9c6b4d9e32cf",
              "isHook": false,
              "skipped": false
            },
            {
              "title": "冒泡排序100个基数时间测试",
              "fullTitle": "排序算法测试 冒泡排序100个基数时间测试",
              "timedOut": false,
              "duration": 651,
              "state": "passed",
              "speed": "slow",
              "pass": true,
              "fail": false,
              "pending": false,
              "context": null,
              "code": "cov_2kthvjmzox.f[25]++;let count=(cov_2kthvjmzox.s[109]++,10000);cov_2kthvjmzox.s[110]++;while(count--){cov_2kthvjmzox.s[111]++;new randomArr(100).bubble();}cov_2kthvjmzox.s[112]++;done();",
              "err": {},
              "uuid": "4d815a73-1e58-4d07-8c93-ca0796deeca3",
              "parentUUID": "7fd48e00-b652-43dc-a49f-9c6b4d9e32cf",
              "isHook": false,
              "skipped": false
            },
            {
              "title": "选择排序100个基数时间测试",
              "fullTitle": "排序算法测试 选择排序100个基数时间测试",
              "timedOut": false,
              "duration": 410,
              "state": "passed",
              "speed": "slow",
              "pass": true,
              "fail": false,
              "pending": false,
              "context": null,
              "code": "cov_2kthvjmzox.f[26]++;let count=(cov_2kthvjmzox.s[114]++,10000);cov_2kthvjmzox.s[115]++;while(count--){cov_2kthvjmzox.s[116]++;new randomArr(100).selection();}cov_2kthvjmzox.s[117]++;done();",
              "err": {},
              "uuid": "d762e147-6fd6-4db2-ae24-4ff3fdf9706f",
              "parentUUID": "7fd48e00-b652-43dc-a49f-9c6b4d9e32cf",
              "isHook": false,
              "skipped": false
            },
            {
              "title": "插入排序100个基数时间测试",
              "fullTitle": "排序算法测试 插入排序100个基数时间测试",
              "timedOut": false,
              "duration": 252,
              "state": "passed",
              "speed": "slow",
              "pass": true,
              "fail": false,
              "pending": false,
              "context": null,
              "code": "cov_2kthvjmzox.f[27]++;let count=(cov_2kthvjmzox.s[119]++,10000);cov_2kthvjmzox.s[120]++;while(count--){cov_2kthvjmzox.s[121]++;new randomArr(100).insertion();}cov_2kthvjmzox.s[122]++;done();",
              "err": {},
              "uuid": "c516c19c-aa8d-4888-866a-44254b97c0a1",
              "parentUUID": "7fd48e00-b652-43dc-a49f-9c6b4d9e32cf",
              "isHook": false,
              "skipped": false
            },
            {
              "title": "希尔排序100个基数时间测试",
              "fullTitle": "排序算法测试 希尔排序100个基数时间测试",
              "timedOut": false,
              "duration": 194,
              "state": "passed",
              "speed": "slow",
              "pass": true,
              "fail": false,
              "pending": false,
              "context": null,
              "code": "cov_2kthvjmzox.f[28]++;let count=(cov_2kthvjmzox.s[124]++,10000);cov_2kthvjmzox.s[125]++;while(count--){cov_2kthvjmzox.s[126]++;new randomArr(100).shell();}cov_2kthvjmzox.s[127]++;done();",
              "err": {},
              "uuid": "8f12ee68-77d2-49fb-bcf8-8d7f7c1bd91f",
              "parentUUID": "7fd48e00-b652-43dc-a49f-9c6b4d9e32cf",
              "isHook": false,
              "skipped": false
            },
            {
              "title": "归并排序100个基数时间测试",
              "fullTitle": "排序算法测试 归并排序100个基数时间测试",
              "timedOut": false,
              "duration": 301,
              "state": "passed",
              "speed": "slow",
              "pass": true,
              "fail": false,
              "pending": false,
              "context": null,
              "code": "cov_2kthvjmzox.f[29]++;let count=(cov_2kthvjmzox.s[129]++,10000);cov_2kthvjmzox.s[130]++;while(count--){cov_2kthvjmzox.s[131]++;new randomArr(100).merge();}cov_2kthvjmzox.s[132]++;done();",
              "err": {},
              "uuid": "980aaca1-08d8-473b-9a3d-cd7d12970ab0",
              "parentUUID": "7fd48e00-b652-43dc-a49f-9c6b4d9e32cf",
              "isHook": false,
              "skipped": false
            },
            {
              "title": "快速排序100个基数时间测试",
              "fullTitle": "排序算法测试 快速排序100个基数时间测试",
              "timedOut": false,
              "duration": 205,
              "state": "passed",
              "speed": "slow",
              "pass": true,
              "fail": false,
              "pending": false,
              "context": null,
              "code": "cov_2kthvjmzox.f[30]++;let count=(cov_2kthvjmzox.s[134]++,10000);cov_2kthvjmzox.s[135]++;while(count--){cov_2kthvjmzox.s[136]++;new randomArr(100).quick();}cov_2kthvjmzox.s[137]++;done();",
              "err": {},
              "uuid": "c8210ae4-eb79-411b-a208-2daf66ff0249",
              "parentUUID": "7fd48e00-b652-43dc-a49f-9c6b4d9e32cf",
              "isHook": false,
              "skipped": false
            },
            {
              "title": "堆排序100个基数时间测试",
              "fullTitle": "排序算法测试 堆排序100个基数时间测试",
              "timedOut": false,
              "duration": 345,
              "state": "passed",
              "speed": "slow",
              "pass": true,
              "fail": false,
              "pending": false,
              "context": null,
              "code": "cov_2kthvjmzox.f[31]++;let count=(cov_2kthvjmzox.s[139]++,10000);cov_2kthvjmzox.s[140]++;while(count--){cov_2kthvjmzox.s[141]++;new randomArr(100).heap();}cov_2kthvjmzox.s[142]++;done();",
              "err": {},
              "uuid": "db51e2ef-8c29-45fc-a358-abc336cf0489",
              "parentUUID": "7fd48e00-b652-43dc-a49f-9c6b4d9e32cf",
              "isHook": false,
              "skipped": false
            },
            {
              "title": "计数排序10个基数时间测试",
              "fullTitle": "排序算法测试 计数排序10个基数时间测试",
              "timedOut": false,
              "duration": 443,
              "state": "passed",
              "speed": "slow",
              "pass": true,
              "fail": false,
              "pending": false,
              "context": null,
              "code": "cov_2kthvjmzox.f[32]++;let count=(cov_2kthvjmzox.s[144]++,1000);cov_2kthvjmzox.s[145]++;while(count--){cov_2kthvjmzox.s[146]++;new randomArr(10).counting();}cov_2kthvjmzox.s[147]++;done();",
              "err": {},
              "uuid": "2ea0239d-a6d2-4677-ab70-52f5b790e880",
              "parentUUID": "7fd48e00-b652-43dc-a49f-9c6b4d9e32cf",
              "isHook": false,
              "skipped": false
            },
            {
              "title": "计数排序100个基数时间测试",
              "fullTitle": "排序算法测试 计数排序100个基数时间测试",
              "timedOut": false,
              "duration": 509,
              "state": "passed",
              "speed": "slow",
              "pass": true,
              "fail": false,
              "pending": false,
              "context": null,
              "code": "cov_2kthvjmzox.f[33]++;let count=(cov_2kthvjmzox.s[149]++,1000);cov_2kthvjmzox.s[150]++;while(count--){cov_2kthvjmzox.s[151]++;new randomArr(100).counting();}cov_2kthvjmzox.s[152]++;done();",
              "err": {},
              "uuid": "ec11530b-9d90-42ba-9160-414e660a19f0",
              "parentUUID": "7fd48e00-b652-43dc-a49f-9c6b4d9e32cf",
              "isHook": false,
              "skipped": false
            },
            {
              "title": "桶排序100个基数时间测试",
              "fullTitle": "排序算法测试 桶排序100个基数时间测试",
              "timedOut": false,
              "duration": 229,
              "state": "passed",
              "speed": "slow",
              "pass": true,
              "fail": false,
              "pending": false,
              "context": null,
              "code": "cov_2kthvjmzox.f[34]++;let count=(cov_2kthvjmzox.s[154]++,10000);cov_2kthvjmzox.s[155]++;while(count--){cov_2kthvjmzox.s[156]++;new randomArr(100).bucket();}cov_2kthvjmzox.s[157]++;done();",
              "err": {},
              "uuid": "98e2c4c3-76b0-42de-ae5f-f45f1ae5a98f",
              "parentUUID": "7fd48e00-b652-43dc-a49f-9c6b4d9e32cf",
              "isHook": false,
              "skipped": false
            },
            {
              "title": "基数排序100个基数时间测试",
              "fullTitle": "排序算法测试 基数排序100个基数时间测试",
              "timedOut": false,
              "duration": 409,
              "state": "passed",
              "speed": "slow",
              "pass": true,
              "fail": false,
              "pending": false,
              "context": null,
              "code": "cov_2kthvjmzox.f[35]++;let count=(cov_2kthvjmzox.s[159]++,10000);cov_2kthvjmzox.s[160]++;while(count--){cov_2kthvjmzox.s[161]++;new randomArr(100).radix();}cov_2kthvjmzox.s[162]++;done();",
              "err": {},
              "uuid": "4b664f61-d505-4a2a-a49c-e89379134229",
              "parentUUID": "7fd48e00-b652-43dc-a49f-9c6b4d9e32cf",
              "isHook": false,
              "skipped": false
            },
            {
              "title": "原生排序1000个基数时间测试",
              "fullTitle": "排序算法测试 原生排序1000个基数时间测试",
              "timedOut": false,
              "duration": 387,
              "state": "passed",
              "speed": "slow",
              "pass": true,
              "fail": false,
              "pending": false,
              "context": null,
              "code": "cov_2kthvjmzox.f[36]++;let count=(cov_2kthvjmzox.s[164]++,1000);cov_2kthvjmzox.s[165]++;while(count--){cov_2kthvjmzox.s[166]++;new randomArr(1000).sort((a,b)=>{cov_2kthvjmzox.f[37]++;cov_2kthvjmzox.s[167]++;return a-b;});}cov_2kthvjmzox.s[168]++;done();",
              "err": {},
              "uuid": "d081729e-5931-45be-bfbd-8d1fca3392e2",
              "parentUUID": "7fd48e00-b652-43dc-a49f-9c6b4d9e32cf",
              "isHook": false,
              "skipped": false
            },
            {
              "title": "冒泡排序1000个基数时间测试",
              "fullTitle": "排序算法测试 冒泡排序1000个基数时间测试",
              "timedOut": false,
              "duration": 4502,
              "state": "failed",
              "speed": null,
              "pass": false,
              "fail": true,
              "pending": false,
              "context": null,
              "code": "cov_2kthvjmzox.f[38]++;let count=(cov_2kthvjmzox.s[170]++,1000);cov_2kthvjmzox.s[171]++;while(count--){cov_2kthvjmzox.s[172]++;new randomArr(1000).bubble();}cov_2kthvjmzox.s[173]++;done();",
              "err": {
                "message": "Error: Timeout of 2000ms exceeded. For async tests and hooks, ensure \"done()\" is called; if returning a Promise, ensure it resolves. (D:\\html\\git\\Data_Structure\\tests\\util\\sort.spec.js)",
                "estack": "Error: Timeout of 2000ms exceeded. For async tests and hooks, ensure \"done()\" is called; if returning a Promise, ensure it resolves. (D:\\html\\git\\Data_Structure\\tests\\util\\sort.spec.js)\n    at Context.done (tests\\util\\sort.spec.js:1:31710)\n    at processImmediate (internal/timers.js:443:21)",
                "diff": null
              },
              "uuid": "914d67a7-0f15-45fa-af1c-5f8e3e4d384b",
              "parentUUID": "7fd48e00-b652-43dc-a49f-9c6b4d9e32cf",
              "isHook": false,
              "skipped": false
            },
            {
              "title": "选择排序1000个基数时间测试",
              "fullTitle": "排序算法测试 选择排序1000个基数时间测试",
              "timedOut": false,
              "duration": 2248,
              "state": "failed",
              "speed": null,
              "pass": false,
              "fail": true,
              "pending": false,
              "context": null,
              "code": "cov_2kthvjmzox.f[39]++;let count=(cov_2kthvjmzox.s[175]++,1000);cov_2kthvjmzox.s[176]++;while(count--){cov_2kthvjmzox.s[177]++;new randomArr(1000).selection();}cov_2kthvjmzox.s[178]++;done();",
              "err": {
                "message": "Error: Timeout of 2000ms exceeded. For async tests and hooks, ensure \"done()\" is called; if returning a Promise, ensure it resolves. (D:\\html\\git\\Data_Structure\\tests\\util\\sort.spec.js)",
                "estack": "Error: Timeout of 2000ms exceeded. For async tests and hooks, ensure \"done()\" is called; if returning a Promise, ensure it resolves. (D:\\html\\git\\Data_Structure\\tests\\util\\sort.spec.js)\n    at Context.done (tests\\util\\sort.spec.js:1:31956)\n    at processImmediate (internal/timers.js:443:21)",
                "diff": null
              },
              "uuid": "1cf20a6c-421f-4c4d-a81c-eff184b2c734",
              "parentUUID": "7fd48e00-b652-43dc-a49f-9c6b4d9e32cf",
              "isHook": false,
              "skipped": false
            },
            {
              "title": "插入排序1000个基数时间测试",
              "fullTitle": "排序算法测试 插入排序1000个基数时间测试",
              "timedOut": false,
              "duration": 1357,
              "state": "passed",
              "speed": "slow",
              "pass": true,
              "fail": false,
              "pending": false,
              "context": null,
              "code": "cov_2kthvjmzox.f[40]++;let count=(cov_2kthvjmzox.s[180]++,1000);cov_2kthvjmzox.s[181]++;while(count--){cov_2kthvjmzox.s[182]++;new randomArr(1000).insertion();}cov_2kthvjmzox.s[183]++;done();",
              "err": {},
              "uuid": "77316226-74ad-47f8-8151-1e6b4bbbb3b6",
              "parentUUID": "7fd48e00-b652-43dc-a49f-9c6b4d9e32cf",
              "isHook": false,
              "skipped": false
            },
            {
              "title": "希尔排序1000个基数时间测试",
              "fullTitle": "排序算法测试 希尔排序1000个基数时间测试",
              "timedOut": false,
              "duration": 258,
              "state": "passed",
              "speed": "slow",
              "pass": true,
              "fail": false,
              "pending": false,
              "context": null,
              "code": "cov_2kthvjmzox.f[41]++;let count=(cov_2kthvjmzox.s[185]++,1000);cov_2kthvjmzox.s[186]++;while(count--){cov_2kthvjmzox.s[187]++;new randomArr(1000).shell();}cov_2kthvjmzox.s[188]++;done();",
              "err": {},
              "uuid": "aa02335d-1637-4ffc-8304-262909830ba3",
              "parentUUID": "7fd48e00-b652-43dc-a49f-9c6b4d9e32cf",
              "isHook": false,
              "skipped": false
            },
            {
              "title": "归并排序1000个基数时间测试",
              "fullTitle": "排序算法测试 归并排序1000个基数时间测试",
              "timedOut": false,
              "duration": 306,
              "state": "passed",
              "speed": "slow",
              "pass": true,
              "fail": false,
              "pending": false,
              "context": null,
              "code": "cov_2kthvjmzox.f[42]++;let count=(cov_2kthvjmzox.s[190]++,1000);cov_2kthvjmzox.s[191]++;while(count--){cov_2kthvjmzox.s[192]++;new randomArr(1000).merge();}cov_2kthvjmzox.s[193]++;done();",
              "err": {},
              "uuid": "e574bf8c-18d6-4135-ab9d-5f6c8517f655",
              "parentUUID": "7fd48e00-b652-43dc-a49f-9c6b4d9e32cf",
              "isHook": false,
              "skipped": false
            },
            {
              "title": "快速排序1000个基数时间测试",
              "fullTitle": "排序算法测试 快速排序1000个基数时间测试",
              "timedOut": false,
              "duration": 290,
              "state": "passed",
              "speed": "slow",
              "pass": true,
              "fail": false,
              "pending": false,
              "context": null,
              "code": "cov_2kthvjmzox.f[43]++;let count=(cov_2kthvjmzox.s[195]++,1000);cov_2kthvjmzox.s[196]++;while(count--){cov_2kthvjmzox.s[197]++;new randomArr(1000).quick();}cov_2kthvjmzox.s[198]++;done();",
              "err": {},
              "uuid": "1722c47f-3322-4db3-bd34-dc2ac72e1216",
              "parentUUID": "7fd48e00-b652-43dc-a49f-9c6b4d9e32cf",
              "isHook": false,
              "skipped": false
            },
            {
              "title": "堆排序1000个基数时间测试",
              "fullTitle": "排序算法测试 堆排序1000个基数时间测试",
              "timedOut": false,
              "duration": 383,
              "state": "passed",
              "speed": "slow",
              "pass": true,
              "fail": false,
              "pending": false,
              "context": null,
              "code": "cov_2kthvjmzox.f[44]++;let count=(cov_2kthvjmzox.s[200]++,1000);cov_2kthvjmzox.s[201]++;while(count--){cov_2kthvjmzox.s[202]++;new randomArr(1000).heap();}cov_2kthvjmzox.s[203]++;done();",
              "err": {},
              "uuid": "2c45108b-add6-4bca-bb28-f26a7026807c",
              "parentUUID": "7fd48e00-b652-43dc-a49f-9c6b4d9e32cf",
              "isHook": false,
              "skipped": false
            },
            {
              "title": "计数排序1000个基数时间测试",
              "fullTitle": "排序算法测试 计数排序1000个基数时间测试",
              "timedOut": false,
              "duration": 837,
              "state": "passed",
              "speed": "slow",
              "pass": true,
              "fail": false,
              "pending": false,
              "context": null,
              "code": "cov_2kthvjmzox.f[45]++;let count=(cov_2kthvjmzox.s[205]++,1000);cov_2kthvjmzox.s[206]++;while(count--){cov_2kthvjmzox.s[207]++;new randomArr(1000).counting();}cov_2kthvjmzox.s[208]++;done();",
              "err": {},
              "uuid": "57593214-a0d8-4e88-a686-e00d9509c825",
              "parentUUID": "7fd48e00-b652-43dc-a49f-9c6b4d9e32cf",
              "isHook": false,
              "skipped": false
            },
            {
              "title": "桶排序1000个基数时间测试",
              "fullTitle": "排序算法测试 桶排序1000个基数时间测试",
              "timedOut": false,
              "duration": 138,
              "state": "passed",
              "speed": "slow",
              "pass": true,
              "fail": false,
              "pending": false,
              "context": null,
              "code": "cov_2kthvjmzox.f[46]++;let count=(cov_2kthvjmzox.s[210]++,1000);cov_2kthvjmzox.s[211]++;while(count--){cov_2kthvjmzox.s[212]++;new randomArr(1000).bucket();}cov_2kthvjmzox.s[213]++;done();",
              "err": {},
              "uuid": "7ba6518d-18bb-462c-9205-cfa76b412693",
              "parentUUID": "7fd48e00-b652-43dc-a49f-9c6b4d9e32cf",
              "isHook": false,
              "skipped": false
            },
            {
              "title": "基数排序1000个基数时间测试",
              "fullTitle": "排序算法测试 基数排序1000个基数时间测试",
              "timedOut": false,
              "duration": 1088,
              "state": "passed",
              "speed": "slow",
              "pass": true,
              "fail": false,
              "pending": false,
              "context": null,
              "code": "cov_2kthvjmzox.f[47]++;let count=(cov_2kthvjmzox.s[215]++,1000);cov_2kthvjmzox.s[216]++;while(count--){cov_2kthvjmzox.s[217]++;new randomArr(1000).radix();}cov_2kthvjmzox.s[218]++;done();",
              "err": {},
              "uuid": "b1cb8108-1b6f-45c0-b95f-f96128ccfbe0",
              "parentUUID": "7fd48e00-b652-43dc-a49f-9c6b4d9e32cf",
              "isHook": false,
              "skipped": false
            }
          ],
          "suites": [],
          "passes": [
            "0f7e2030-849a-4715-bcde-b233c5174d62",
            "8138dede-42ff-4543-ae1e-b7727217ff30",
            "8ca80827-c359-4737-9931-b9d5be777a05",
            "5518348d-f19e-4462-89a5-21637c2b18fb",
            "5ab95c77-ea90-42ba-90f8-76d4739084ae",
            "bcd2980b-d9d8-4537-8082-700f0fa85945",
            "811b9aa7-6934-4a90-a7bb-fee502de297c",
            "b387598f-71b0-436f-8b87-d91bf139c20c",
            "eae8b840-ebe0-4947-9660-10506aee3430",
            "b7e75646-761b-4e0c-9c4f-53e06d647d0b",
            "1f093bb4-7056-4c7c-9760-bdc7a5f85ef0",
            "f5035e8a-d57e-46a0-a8f2-f5e650071c19",
            "4d815a73-1e58-4d07-8c93-ca0796deeca3",
            "d762e147-6fd6-4db2-ae24-4ff3fdf9706f",
            "c516c19c-aa8d-4888-866a-44254b97c0a1",
            "8f12ee68-77d2-49fb-bcf8-8d7f7c1bd91f",
            "980aaca1-08d8-473b-9a3d-cd7d12970ab0",
            "c8210ae4-eb79-411b-a208-2daf66ff0249",
            "db51e2ef-8c29-45fc-a358-abc336cf0489",
            "2ea0239d-a6d2-4677-ab70-52f5b790e880",
            "ec11530b-9d90-42ba-9160-414e660a19f0",
            "98e2c4c3-76b0-42de-ae5f-f45f1ae5a98f",
            "4b664f61-d505-4a2a-a49c-e89379134229",
            "d081729e-5931-45be-bfbd-8d1fca3392e2",
            "77316226-74ad-47f8-8151-1e6b4bbbb3b6",
            "aa02335d-1637-4ffc-8304-262909830ba3",
            "e574bf8c-18d6-4135-ab9d-5f6c8517f655",
            "1722c47f-3322-4db3-bd34-dc2ac72e1216",
            "2c45108b-add6-4bca-bb28-f26a7026807c",
            "57593214-a0d8-4e88-a686-e00d9509c825",
            "7ba6518d-18bb-462c-9205-cfa76b412693",
            "b1cb8108-1b6f-45c0-b95f-f96128ccfbe0"
          ],
          "failures": [
            "914d67a7-0f15-45fa-af1c-5f8e3e4d384b",
            "1cf20a6c-421f-4c4d-a81c-eff184b2c734"
          ],
          "pending": [],
          "skipped": [],
          "duration": 16130,
          "root": false,
          "rootEmpty": false,
          "_timeout": 2000
        }
      ],
      "passes": [],
      "failures": [],
      "pending": [],
      "skipped": [],
      "duration": 0,
      "root": true,
      "rootEmpty": true,
      "_timeout": 2000
    }
  ],
  "meta": {
    "mocha": {
      "version": "6.2.0"
    },
    "mochawesome": {
      "options": {
        "quiet": false,
        "reportFilename": "mochawesome",
        "saveHtml": true,
        "saveJson": true,
        "useInlineDiffs": false
      },
      "version": "4.0.1"
    },
    "marge": {
      "options": {
        "reportDir": "./docs/customReportFilename"
      },
      "version": "4.0.1"
    }
  }
}